Using pre-set license
Built from '2021.3/staging' branch; Version is '2021.3.4f1 (cb45f9cae8b7) revision 13321721'; Using compiler version '192829333'; Build Type 'Release'
OS: 'Windows 10  (10.0.19043) 64bit Professional' Language: 'en' Physical Memory: 16227 MB
BatchMode: 1, IsHumanControllingUs: 0, StartBugReporterOnCrash: 0, Is64bit: 1, IsPro: 1

COMMAND LINE ARGUMENTS:
C:\Program Files\Unity\Hub\Editor\2021.3.4f1\Editor\Unity.exe
-adb2
-batchMode
-noUpm
-name
AssetImportWorker9
-projectPath
D:/game
-logFile
Logs/AssetImportWorker9.log
-srvPort
62462
Successfully changed project path to: D:/game
D:/game
[UnityMemory] Configuration Parameters - Can be set up in boot.config
    "memorysetup-bucket-allocator-granularity=16"
    "memorysetup-bucket-allocator-bucket-count=8"
    "memorysetup-bucket-allocator-block-size=33554432"
    "memorysetup-bucket-allocator-block-count=8"
    "memorysetup-main-allocator-block-size=16777216"
    "memorysetup-thread-allocator-block-size=16777216"
    "memorysetup-gfx-main-allocator-block-size=16777216"
    "memorysetup-gfx-thread-allocator-block-size=16777216"
    "memorysetup-cache-allocator-block-size=4194304"
    "memorysetup-typetree-allocator-block-size=2097152"
    "memorysetup-profiler-bucket-allocator-granularity=16"
    "memorysetup-profiler-bucket-allocator-bucket-count=8"
    "memorysetup-profiler-bucket-allocator-block-size=33554432"
    "memorysetup-profiler-bucket-allocator-block-count=8"
    "memorysetup-profiler-allocator-block-size=16777216"
    "memorysetup-profiler-editor-allocator-block-size=1048576"
    "memorysetup-temp-allocator-size-main=16777216"
    "memorysetup-job-temp-allocator-block-size=2097152"
    "memorysetup-job-temp-allocator-block-size-background=1048576"
    "memorysetup-job-temp-allocator-reduction-small-platforms=262144"
    "memorysetup-temp-allocator-size-background-worker=32768"
    "memorysetup-temp-allocator-size-job-worker=262144"
    "memorysetup-temp-allocator-size-preload-manager=33554432"
    "memorysetup-temp-allocator-size-nav-mesh-worker=65536"
    "memorysetup-temp-allocator-size-audio-worker=65536"
    "memorysetup-temp-allocator-size-cloud-worker=32768"
    "memorysetup-temp-allocator-size-gi-baking-worker=262144"
    "memorysetup-temp-allocator-size-gfx=262144"
Refreshing native plugins compatible for Editor in 126.83 ms, found 3 plugins.
Preloading 0 native plugins for Editor in 0.00 ms.
Initialize engine version: 2021.3.4f1 (cb45f9cae8b7)
[Subsystems] Discovering subsystems at path C:/Program Files/Unity/Hub/Editor/2021.3.4f1/Editor/Data/Resources/UnitySubsystems
[Subsystems] Discovering subsystems at path D:/game/Assets
GfxDevice: creating device client; threaded=0; jobified=0
Direct3D:
    Version:  Direct3D 11.0 [level 11.1]
    Renderer: NVIDIA GeForce GTX 1650 (ID=0x2188)
    Vendor:   NVIDIA
    VRAM:     3962 MB
    Driver:   31.0.15.1694
Initialize mono
Mono path[0] = 'C:/Program Files/Unity/Hub/Editor/2021.3.4f1/Editor/Data/Managed'
Mono path[1] = 'C:/Program Files/Unity/Hub/Editor/2021.3.4f1/Editor/Data/MonoBleedingEdge/lib/mono/unityjit-win32'
Mono config path = 'C:/Program Files/Unity/Hub/Editor/2021.3.4f1/Editor/Data/MonoBleedingEdge/etc'
Using monoOptions --debugger-agent=transport=dt_socket,embedding=1,server=y,suspend=n,address=127.0.0.1:56980
Begin MonoManager ReloadAssembly
Registering precompiled unity dll's ...
Register platform support module: C:/Program Files/Unity/Hub/Editor/2021.3.4f1/Editor/Data/PlaybackEngines/AndroidPlayer/UnityEditor.Android.Extensions.dll
Register platform support module: C:/Program Files/Unity/Hub/Editor/2021.3.4f1/Editor/Data/PlaybackEngines/iOSSupport/UnityEditor.iOS.Extensions.dll
Register platform support module: C:/Program Files/Unity/Hub/Editor/2021.3.4f1/Editor/Data/PlaybackEngines/WindowsStandaloneSupport/UnityEditor.WindowsStandalone.Extensions.dll
Registered in 0.007326 seconds.
Native extension for WindowsStandalone target not found
[usbmuxd] Start listen thread
Native extension for iOS target not found
[usbmuxd] Listen thread started
Native extension for Android target not found
Refreshing native plugins compatible for Editor in 130.02 ms, found 3 plugins.
Preloading 0 native plugins for Editor in 0.00 ms.
Mono: successfully reloaded assembly
- Completed reload, in  0.803 seconds
Domain Reload Profiling:
	ReloadAssembly (804ms)
		BeginReloadAssembly (75ms)
			ExecutionOrderSort (0ms)
			DisableScriptedObjects (0ms)
			BackupInstance (0ms)
			ReleaseScriptingObjects (0ms)
			CreateAndSetChildDomain (1ms)
		EndReloadAssembly (615ms)
			LoadAssemblies (74ms)
			RebuildTransferFunctionScriptingTraits (0ms)
			SetupTypeCache (107ms)
			ReleaseScriptCaches (0ms)
			RebuildScriptCaches (37ms)
			SetupLoadedEditorAssemblies (410ms)
				LogAssemblyErrors (0ms)
				InitializePlatformSupportModulesInManaged (120ms)
				SetLoadedEditorAssemblies (2ms)
				RefreshPlugins (130ms)
				BeforeProcessingInitializeOnLoad (1ms)
				ProcessInitializeOnLoadAttributes (107ms)
				ProcessInitializeOnLoadMethodAttributes (50ms)
				AfterProcessingInitializeOnLoad (0ms)
				EditorAssembliesLoaded (0ms)
			ExecutionOrderSort2 (0ms)
			AwakeInstancesAfterBackupRestoration (0ms)
Platform modules already initialized, skipping
Registering precompiled user dll's ...
Registered in 0.004274 seconds.
Begin MonoManager ReloadAssembly
Symbol file LoadedFromMemory doesn't match image D:\game\Library\PackageCache\com.unity.visualscripting@1.7.8\Editor\VisualScripting.Core\Dependencies\YamlDotNet\Unity.VisualScripting.YamlDotNet.dll
Symbol file LoadedFromMemory doesn't match image D:\game\Library\PackageCache\com.unity.visualscripting@1.7.8\Editor\VisualScripting.Core\Dependencies\DotNetZip\Unity.VisualScripting.IonicZip.dll
Native extension for WindowsStandalone target not found
Native extension for iOS target not found
Native extension for Android target not found
Refreshing native plugins compatible for Editor in 126.49 ms, found 3 plugins.
Preloading 0 native plugins for Editor in 0.00 ms.
Mono: successfully reloaded assembly
- Completed reload, in  1.779 seconds
Domain Reload Profiling:
	ReloadAssembly (1780ms)
		BeginReloadAssembly (252ms)
			ExecutionOrderSort (0ms)
			DisableScriptedObjects (7ms)
			BackupInstance (0ms)
			ReleaseScriptingObjects (0ms)
			CreateAndSetChildDomain (155ms)
		EndReloadAssembly (1347ms)
			LoadAssemblies (88ms)
			RebuildTransferFunctionScriptingTraits (0ms)
			SetupTypeCache (358ms)
			ReleaseScriptCaches (1ms)
			RebuildScriptCaches (82ms)
			SetupLoadedEditorAssemblies (754ms)
				LogAssemblyErrors (0ms)
				InitializePlatformSupportModulesInManaged (25ms)
				SetLoadedEditorAssemblies (0ms)
				RefreshPlugins (127ms)
				BeforeProcessingInitializeOnLoad (115ms)
				ProcessInitializeOnLoadAttributes (453ms)
				ProcessInitializeOnLoadMethodAttributes (28ms)
				AfterProcessingInitializeOnLoad (7ms)
				EditorAssembliesLoaded (0ms)
			ExecutionOrderSort2 (0ms)
			AwakeInstancesAfterBackupRestoration (6ms)
Platform modules already initialized, skipping
========================================================================
Worker process is ready to serve import requests
Launched and connected shader compiler UnityShaderCompiler.exe after 0.03 seconds
Refreshing native plugins compatible for Editor in 0.62 ms, found 3 plugins.
Preloading 0 native plugins for Editor in 0.00 ms.
Unloading 4594 Unused Serialized files (Serialized files now loaded: 0)
Unloading 34 unused Assets / (2.1 MB). Loaded Objects now: 5078.
Memory consumption went from 272.3 MB to 270.1 MB.
Total: 2.423000 ms (FindLiveObjects: 0.209000 ms CreateObjectMapping: 0.117900 ms MarkObjects: 1.861800 ms  DeleteObjects: 0.233800 ms)

AssetImportParameters requested are different than current active one (requested -> active):
  custom:video-decoder-ogg-theora: a1e56fd34408186e4bbccfd4996cb3dc -> 
  custom:container-muxer-webm: aa71ff27fc2769a1b78a27578f13a17b -> 
  custom:container-demuxer-webm: 4f35f7cbe854078d1ac9338744f61a02 -> 
  custom:video-encoder-webm-vp8: eb34c28f22e8b96e1ab97ce403110664 -> 
  custom:audio-encoder-webm-vorbis: bf7c407c2cedff20999df2af8eb42d56 -> 
  custom:framework-win-MediaFoundation: 216162199b28c13a410421893ffa2e32 -> 
  custom:container-demuxer-ogg: 62fdf1f143b41e24485cea50d1cbac27 -> 
  custom:video-decoder-webm-vp8: 9c59270c3fd7afecdb556c50c9e8de78 -> 
  custom:audio-decoder-ogg-vorbis: bf7c407c2cedff20999df2af8eb42d56 -> 
========================================================================
Received Import Request.
  Time since last request: 57356.698162 seconds.
  path: Assets/EpicVictoryEffects/Meshes/Mesh_Coin_01.obj
  artifactKey: Guid(ef6e48c3d36d08b4bba0ad58df210ed0) Importer(815301076,1909f56bfc062723c751e8b465ee728b)
Start importing Assets/EpicVictoryEffects/Meshes/Mesh_Coin_01.obj using Guid(ef6e48c3d36d08b4bba0ad58df210ed0) Importer(815301076,1909f56bfc062723c751e8b465ee728b)  -> (artifact id: '64845acff3643801c6224853d60753d9') in 0.217603 seconds 
========================================================================
Received Import Request.
  Time since last request: 0.037035 seconds.
  path: Assets/Fancy Footsteps/Prefabs/Prefab_VFX_Footsteps_1.prefab
  artifactKey: Guid(4a3f42addfd9cea4bbb52b918c8c5e74) Importer(815301076,1909f56bfc062723c751e8b465ee728b)
Start importing Assets/Fancy Footsteps/Prefabs/Prefab_VFX_Footsteps_1.prefab using Guid(4a3f42addfd9cea4bbb52b918c8c5e74) Importer(815301076,1909f56bfc062723c751e8b465ee728b)  -> (artifact id: '6b86f010a7684a737915a7754fcd3ad9') in 0.184010 seconds 
========================================================================
Received Import Request.
  Time since last request: 0.071870 seconds.
  path: Assets/SimpleNaturePack/Prefabs/Rock_05.prefab
  artifactKey: Guid(a778b631c6253a04899cb31bad047c81) Importer(815301076,1909f56bfc062723c751e8b465ee728b)
Start importing Assets/SimpleNaturePack/Prefabs/Rock_05.prefab using Guid(a778b631c6253a04899cb31bad047c81) Importer(815301076,1909f56bfc062723c751e8b465ee728b)  -> (artifact id: '6eaf29804088678f3ea09939c55f176a') in 0.034557 seconds 
========================================================================
Received Import Request.
  Time since last request: 0.000023 seconds.
  path: Assets/Sherbbs Particle Collection/Particles/Normal/ScifiTris 3 (collapse).prefab
  artifactKey: Guid(e7195681d4821c847a757d5174cae6ab) Importer(815301076,1909f56bfc062723c751e8b465ee728b)
Start importing Assets/Sherbbs Particle Collection/Particles/Normal/ScifiTris 3 (collapse).prefab using Guid(e7195681d4821c847a757d5174cae6ab) Importer(815301076,1909f56bfc062723c751e8b465ee728b) Tried select unknown importer for id '-2' '00000000000000000000000000000000'
 -> (artifact id: 'b4075451603bd99753e982fd42fbbe00') in 0.034355 seconds 
========================================================================
Received Import Request.
  Time since last request: 0.000027 seconds.
  path: Assets/Prefabs/UI/ShopItemUI 1.prefab
  artifactKey: Guid(bbcc395659da6414f9630a90da785d62) Importer(815301076,1909f56bfc062723c751e8b465ee728b)
Start importing Assets/Prefabs/UI/ShopItemUI 1.prefab using Guid(bbcc395659da6414f9630a90da785d62) Importer(815301076,1909f56bfc062723c751e8b465ee728b)  -> (artifact id: '85030968f057037b9af41216cc1b8fac') in 0.014029 seconds 
========================================================================
Received Import Request.
  Time since last request: 0.173084 seconds.
  path: Assets/EpicVictoryEffects/Prefabs/Star_01/Star_01_Anim_04.prefab
  artifactKey: Guid(0383dd5c128b6224da9a15658edfa018) Importer(815301076,1909f56bfc062723c751e8b465ee728b)
Start importing Assets/EpicVictoryEffects/Prefabs/Star_01/Star_01_Anim_04.prefab using Guid(0383dd5c128b6224da9a15658edfa018) Importer(815301076,1909f56bfc062723c751e8b465ee728b)  -> (artifact id: '846d0d8df302042e440f49ac35d037fc') in 0.016199 seconds 
========================================================================
Received Import Request.
  Time since last request: 0.003643 seconds.
  path: Assets/EpicVictoryEffects/Prefabs/Star_01/Star_01_Anim_12.prefab
  artifactKey: Guid(08c3f37bf32c6324a95f94b069e6a01f) Importer(815301076,1909f56bfc062723c751e8b465ee728b)
Start importing Assets/EpicVictoryEffects/Prefabs/Star_01/Star_01_Anim_12.prefab using Guid(08c3f37bf32c6324a95f94b069e6a01f) Importer(815301076,1909f56bfc062723c751e8b465ee728b)  -> (artifact id: '2170fb771a84ac1a8c38747d03110ee9') in 0.047801 seconds 
========================================================================
Received Import Request.
  Time since last request: 0.000026 seconds.
  path: Assets/EpicVictoryEffects/Prefabs/Star_01/Star_01_Anim_11.prefab
  artifactKey: Guid(b8d79e089a3692440a079d9f6f68b328) Importer(815301076,1909f56bfc062723c751e8b465ee728b)
Start importing Assets/EpicVictoryEffects/Prefabs/Star_01/Star_01_Anim_11.prefab using Guid(b8d79e089a3692440a079d9f6f68b328) Importer(815301076,1909f56bfc062723c751e8b465ee728b)  -> (artifact id: '246860d8b7f250a49abd8682db23e788') in 0.007388 seconds 
========================================================================
Received Import Request.
  Time since last request: 0.170327 seconds.
  path: Assets/EpicVictoryEffects/Prefabs/Star_02/Star_02_Anim_07.prefab
  artifactKey: Guid(a5e5cfc6814a4ec49a285ef6b10d8ebe) Importer(815301076,1909f56bfc062723c751e8b465ee728b)
Start importing Assets/EpicVictoryEffects/Prefabs/Star_02/Star_02_Anim_07.prefab using Guid(a5e5cfc6814a4ec49a285ef6b10d8ebe) Importer(815301076,1909f56bfc062723c751e8b465ee728b)  -> (artifact id: 'db0623d432d3bbbcc67582c97a308553') in 0.035525 seconds 
========================================================================
Received Import Request.
  Time since last request: 0.000020 seconds.
  path: Assets/EpicVictoryEffects/Prefabs/Star_02/Star_02_Anim_13.prefab
  artifactKey: Guid(2500d129519bbcc41ae8c7d758ac94e0) Importer(815301076,1909f56bfc062723c751e8b465ee728b)
Start importing Assets/EpicVictoryEffects/Prefabs/Star_02/Star_02_Anim_13.prefab using Guid(2500d129519bbcc41ae8c7d758ac94e0) Importer(815301076,1909f56bfc062723c751e8b465ee728b)  -> (artifact id: '7067caa5e7407015a11e70079c9e6d9b') in 0.023185 seconds 
========================================================================
Received Import Request.
  Time since last request: 0.000029 seconds.
  path: Assets/EpicVictoryEffects/Prefabs/Star_03/Star_03_Anim_06.prefab
  artifactKey: Guid(6df44adf20a0e004faf7f864e79b0cb3) Importer(815301076,1909f56bfc062723c751e8b465ee728b)
Start importing Assets/EpicVictoryEffects/Prefabs/Star_03/Star_03_Anim_06.prefab using Guid(6df44adf20a0e004faf7f864e79b0cb3) Importer(815301076,1909f56bfc062723c751e8b465ee728b)  -> (artifact id: 'fa65998abfbcf820612601d31dc1ddf4') in 0.011264 seconds 
========================================================================
Received Import Request.
  Time since last request: 0.000032 seconds.
  path: Assets/EpicVictoryEffects/Prefabs/Star_03/Star_03_Anim_01.prefab
  artifactKey: Guid(b9faa647725494147a6b942dd80cb850) Importer(815301076,1909f56bfc062723c751e8b465ee728b)
Start importing Assets/EpicVictoryEffects/Prefabs/Star_03/Star_03_Anim_01.prefab using Guid(b9faa647725494147a6b942dd80cb850) Importer(815301076,1909f56bfc062723c751e8b465ee728b)  -> (artifact id: 'abab7b983e15de728f011a8ddc5180a0') in 0.023455 seconds 
Editor requested this worker to shutdown with reason: Scaling down because of idle timeout
AssetImportWorker is now disconnected from the server
Process exiting
Exiting without the bug reporter. Application will terminate with return code 0