Using pre-set license
Built from '2021.3/staging' branch; Version is '2021.3.4f1 (cb45f9cae8b7) revision 13321721'; Using compiler version '192829333'; Build Type 'Release'
OS: 'Windows 10  (10.0.19043) 64bit Professional' Language: 'en' Physical Memory: 16227 MB
BatchMode: 1, IsHumanControllingUs: 0, StartBugReporterOnCrash: 0, Is64bit: 1, IsPro: 1

COMMAND LINE ARGUMENTS:
C:\Program Files\Unity\Hub\Editor\2021.3.4f1\Editor\Unity.exe
-adb2
-batchMode
-noUpm
-name
AssetImportWorker8
-projectPath
D:/game
-logFile
Logs/AssetImportWorker8.log
-srvPort
62462
Successfully changed project path to: D:/game
D:/game
[UnityMemory] Configuration Parameters - Can be set up in boot.config
    "memorysetup-bucket-allocator-granularity=16"
    "memorysetup-bucket-allocator-bucket-count=8"
    "memorysetup-bucket-allocator-block-size=33554432"
    "memorysetup-bucket-allocator-block-count=8"
    "memorysetup-main-allocator-block-size=16777216"
    "memorysetup-thread-allocator-block-size=16777216"
    "memorysetup-gfx-main-allocator-block-size=16777216"
    "memorysetup-gfx-thread-allocator-block-size=16777216"
    "memorysetup-cache-allocator-block-size=4194304"
    "memorysetup-typetree-allocator-block-size=2097152"
    "memorysetup-profiler-bucket-allocator-granularity=16"
    "memorysetup-profiler-bucket-allocator-bucket-count=8"
    "memorysetup-profiler-bucket-allocator-block-size=33554432"
    "memorysetup-profiler-bucket-allocator-block-count=8"
    "memorysetup-profiler-allocator-block-size=16777216"
    "memorysetup-profiler-editor-allocator-block-size=1048576"
    "memorysetup-temp-allocator-size-main=16777216"
    "memorysetup-job-temp-allocator-block-size=2097152"
    "memorysetup-job-temp-allocator-block-size-background=1048576"
    "memorysetup-job-temp-allocator-reduction-small-platforms=262144"
    "memorysetup-temp-allocator-size-background-worker=32768"
    "memorysetup-temp-allocator-size-job-worker=262144"
    "memorysetup-temp-allocator-size-preload-manager=33554432"
    "memorysetup-temp-allocator-size-nav-mesh-worker=65536"
    "memorysetup-temp-allocator-size-audio-worker=65536"
    "memorysetup-temp-allocator-size-cloud-worker=32768"
    "memorysetup-temp-allocator-size-gi-baking-worker=262144"
    "memorysetup-temp-allocator-size-gfx=262144"
Refreshing native plugins compatible for Editor in 127.64 ms, found 3 plugins.
Preloading 0 native plugins for Editor in 0.00 ms.
Initialize engine version: 2021.3.4f1 (cb45f9cae8b7)
[Subsystems] Discovering subsystems at path C:/Program Files/Unity/Hub/Editor/2021.3.4f1/Editor/Data/Resources/UnitySubsystems
[Subsystems] Discovering subsystems at path D:/game/Assets
GfxDevice: creating device client; threaded=0; jobified=0
Direct3D:
    Version:  Direct3D 11.0 [level 11.1]
    Renderer: NVIDIA GeForce GTX 1650 (ID=0x2188)
    Vendor:   NVIDIA
    VRAM:     3962 MB
    Driver:   31.0.15.1694
Initialize mono
Mono path[0] = 'C:/Program Files/Unity/Hub/Editor/2021.3.4f1/Editor/Data/Managed'
Mono path[1] = 'C:/Program Files/Unity/Hub/Editor/2021.3.4f1/Editor/Data/MonoBleedingEdge/lib/mono/unityjit-win32'
Mono config path = 'C:/Program Files/Unity/Hub/Editor/2021.3.4f1/Editor/Data/MonoBleedingEdge/etc'
Using monoOptions --debugger-agent=transport=dt_socket,embedding=1,server=y,suspend=n,address=127.0.0.1:56932
Begin MonoManager ReloadAssembly
Registering precompiled unity dll's ...
Register platform support module: C:/Program Files/Unity/Hub/Editor/2021.3.4f1/Editor/Data/PlaybackEngines/AndroidPlayer/UnityEditor.Android.Extensions.dll
Register platform support module: C:/Program Files/Unity/Hub/Editor/2021.3.4f1/Editor/Data/PlaybackEngines/iOSSupport/UnityEditor.iOS.Extensions.dll
Register platform support module: C:/Program Files/Unity/Hub/Editor/2021.3.4f1/Editor/Data/PlaybackEngines/WindowsStandaloneSupport/UnityEditor.WindowsStandalone.Extensions.dll
Registered in 0.007617 seconds.
Native extension for WindowsStandalone target not found
[usbmuxd] Start listen thread
[usbmuxd] Listen thread started
Native extension for iOS target not found
Native extension for Android target not found
Refreshing native plugins compatible for Editor in 126.54 ms, found 3 plugins.
Preloading 0 native plugins for Editor in 0.00 ms.
Mono: successfully reloaded assembly
- Completed reload, in  0.784 seconds
Domain Reload Profiling:
	ReloadAssembly (784ms)
		BeginReloadAssembly (73ms)
			ExecutionOrderSort (0ms)
			DisableScriptedObjects (0ms)
			BackupInstance (0ms)
			ReleaseScriptingObjects (0ms)
			CreateAndSetChildDomain (1ms)
		EndReloadAssembly (599ms)
			LoadAssemblies (71ms)
			RebuildTransferFunctionScriptingTraits (0ms)
			SetupTypeCache (106ms)
			ReleaseScriptCaches (0ms)
			RebuildScriptCaches (42ms)
			SetupLoadedEditorAssemblies (388ms)
				LogAssemblyErrors (0ms)
				InitializePlatformSupportModulesInManaged (102ms)
				SetLoadedEditorAssemblies (3ms)
				RefreshPlugins (127ms)
				BeforeProcessingInitializeOnLoad (1ms)
				ProcessInitializeOnLoadAttributes (105ms)
				ProcessInitializeOnLoadMethodAttributes (50ms)
				AfterProcessingInitializeOnLoad (0ms)
				EditorAssembliesLoaded (0ms)
			ExecutionOrderSort2 (0ms)
			AwakeInstancesAfterBackupRestoration (0ms)
Platform modules already initialized, skipping
Registering precompiled user dll's ...
Registered in 0.004002 seconds.
Begin MonoManager ReloadAssembly
Symbol file LoadedFromMemory doesn't match image D:\game\Library\PackageCache\com.unity.visualscripting@1.7.8\Editor\VisualScripting.Core\Dependencies\YamlDotNet\Unity.VisualScripting.YamlDotNet.dll
Symbol file LoadedFromMemory doesn't match image D:\game\Library\PackageCache\com.unity.visualscripting@1.7.8\Editor\VisualScripting.Core\Dependencies\DotNetZip\Unity.VisualScripting.IonicZip.dll
Native extension for WindowsStandalone target not found
Native extension for iOS target not found
Native extension for Android target not found
Refreshing native plugins compatible for Editor in 127.52 ms, found 3 plugins.
Preloading 0 native plugins for Editor in 0.00 ms.
Mono: successfully reloaded assembly
- Completed reload, in  1.680 seconds
Domain Reload Profiling:
	ReloadAssembly (1681ms)
		BeginReloadAssembly (203ms)
			ExecutionOrderSort (0ms)
			DisableScriptedObjects (7ms)
			BackupInstance (0ms)
			ReleaseScriptingObjects (0ms)
			CreateAndSetChildDomain (132ms)
		EndReloadAssembly (1332ms)
			LoadAssemblies (72ms)
			RebuildTransferFunctionScriptingTraits (0ms)
			SetupTypeCache (320ms)
			ReleaseScriptCaches (1ms)
			RebuildScriptCaches (120ms)
			SetupLoadedEditorAssemblies (719ms)
				LogAssemblyErrors (0ms)
				InitializePlatformSupportModulesInManaged (25ms)
				SetLoadedEditorAssemblies (0ms)
				RefreshPlugins (128ms)
				BeforeProcessingInitializeOnLoad (114ms)
				ProcessInitializeOnLoadAttributes (419ms)
				ProcessInitializeOnLoadMethodAttributes (26ms)
				AfterProcessingInitializeOnLoad (6ms)
				EditorAssembliesLoaded (0ms)
			ExecutionOrderSort2 (0ms)
			AwakeInstancesAfterBackupRestoration (6ms)
Platform modules already initialized, skipping
========================================================================
Worker process is ready to serve import requests
Launched and connected shader compiler UnityShaderCompiler.exe after 0.03 seconds
Refreshing native plugins compatible for Editor in 0.68 ms, found 3 plugins.
Preloading 0 native plugins for Editor in 0.00 ms.
Unloading 4594 Unused Serialized files (Serialized files now loaded: 0)
Unloading 34 unused Assets / (2.1 MB). Loaded Objects now: 5078.
Memory consumption went from 272.3 MB to 270.2 MB.
Total: 2.435500 ms (FindLiveObjects: 0.221100 ms CreateObjectMapping: 0.104700 ms MarkObjects: 1.853800 ms  DeleteObjects: 0.255100 ms)

AssetImportParameters requested are different than current active one (requested -> active):
  custom:video-decoder-ogg-theora: a1e56fd34408186e4bbccfd4996cb3dc -> 
  custom:container-muxer-webm: aa71ff27fc2769a1b78a27578f13a17b -> 
  custom:container-demuxer-webm: 4f35f7cbe854078d1ac9338744f61a02 -> 
  custom:video-encoder-webm-vp8: eb34c28f22e8b96e1ab97ce403110664 -> 
  custom:audio-encoder-webm-vorbis: bf7c407c2cedff20999df2af8eb42d56 -> 
  custom:framework-win-MediaFoundation: 216162199b28c13a410421893ffa2e32 -> 
  custom:container-demuxer-ogg: 62fdf1f143b41e24485cea50d1cbac27 -> 
  custom:video-decoder-webm-vp8: 9c59270c3fd7afecdb556c50c9e8de78 -> 
  custom:audio-decoder-ogg-vorbis: bf7c407c2cedff20999df2af8eb42d56 -> 
========================================================================
Received Import Request.
  Time since last request: 57356.690253 seconds.
  path: Assets/EpicVictoryEffects/Meshes/Mesh_Cash_02.obj
  artifactKey: Guid(a73e8e47bc119824da8220fec165d9ce) Importer(815301076,1909f56bfc062723c751e8b465ee728b)
Start importing Assets/EpicVictoryEffects/Meshes/Mesh_Cash_02.obj using Guid(a73e8e47bc119824da8220fec165d9ce) Importer(815301076,1909f56bfc062723c751e8b465ee728b)  -> (artifact id: '3f6f64746675d62cee921625a82ad124') in 0.205086 seconds 
========================================================================
Received Import Request.
  Time since last request: 0.059839 seconds.
  path: Assets/Fancy Footsteps/Prefabs/Prefab_VFX_Footsteps_0_Trailed.prefab
  artifactKey: Guid(641a02005ca17b140b26f36eae5bacd2) Importer(815301076,1909f56bfc062723c751e8b465ee728b)
Start importing Assets/Fancy Footsteps/Prefabs/Prefab_VFX_Footsteps_0_Trailed.prefab using Guid(641a02005ca17b140b26f36eae5bacd2) Importer(815301076,1909f56bfc062723c751e8b465ee728b)  -> (artifact id: '12eb9f68be3f9f6ac2b74c493d4e189f') in 0.148054 seconds 
========================================================================
Received Import Request.
  Time since last request: 0.000017 seconds.
  path: Assets/SimpleNaturePack/Models/Rock_01.fbx
  artifactKey: Guid(e9089b1db16b58f4282a94e020b9c0e8) Importer(815301076,1909f56bfc062723c751e8b465ee728b)
Start importing Assets/SimpleNaturePack/Models/Rock_01.fbx using Guid(e9089b1db16b58f4282a94e020b9c0e8) Importer(815301076,1909f56bfc062723c751e8b465ee728b)  -> (artifact id: '7d1da63d4e982d0c6f87d99880020b21') in 0.019048 seconds 
========================================================================
Received Import Request.
  Time since last request: 0.000038 seconds.
  path: Assets/SimpleNaturePack/Prefabs/Rock_01.prefab
  artifactKey: Guid(c6308cb7062fac34e8e50600086b12a1) Importer(815301076,1909f56bfc062723c751e8b465ee728b)
Start importing Assets/SimpleNaturePack/Prefabs/Rock_01.prefab using Guid(c6308cb7062fac34e8e50600086b12a1) Importer(815301076,1909f56bfc062723c751e8b465ee728b)  -> (artifact id: 'a7cf638ba96e12eba93a1a0386e38896') in 0.020702 seconds 
========================================================================
Received Import Request.
  Time since last request: 0.060110 seconds.
  path: Assets/SimpleNaturePack/Models/Rock_05.fbx
  artifactKey: Guid(fa2e670bb3648a84b9df8d16da25b85e) Importer(815301076,1909f56bfc062723c751e8b465ee728b)
Start importing Assets/SimpleNaturePack/Models/Rock_05.fbx using Guid(fa2e670bb3648a84b9df8d16da25b85e) Importer(815301076,1909f56bfc062723c751e8b465ee728b)  -> (artifact id: '736331440a312bdde537a2221b19f03b') in 0.023511 seconds 
========================================================================
Received Import Request.
  Time since last request: 0.000027 seconds.
  path: Assets/Prefabs/UI/ShopItemUI.prefab
  artifactKey: Guid(20dcf115cb70b2d41aa71390055f67d0) Importer(815301076,1909f56bfc062723c751e8b465ee728b)
Start importing Assets/Prefabs/UI/ShopItemUI.prefab using Guid(20dcf115cb70b2d41aa71390055f67d0) Importer(815301076,1909f56bfc062723c751e8b465ee728b)  -> (artifact id: '36a015cc7ed11858641cfdae2ceee2ef') in 0.013723 seconds 
========================================================================
Received Import Request.
  Time since last request: 0.000028 seconds.
  path: Assets/Sherbbs Particle Collection/Particles/Trails/SmokeTrail.prefab
  artifactKey: Guid(b7946187dcbeb374685f5916c35fb228) Importer(815301076,1909f56bfc062723c751e8b465ee728b)
Start importing Assets/Sherbbs Particle Collection/Particles/Trails/SmokeTrail.prefab using Guid(b7946187dcbeb374685f5916c35fb228) Importer(815301076,1909f56bfc062723c751e8b465ee728b) Tried select unknown importer for id '-2' '00000000000000000000000000000000'
 -> (artifact id: '501a0976a0cb3817f35b7cc0c41d5d30') in 0.021171 seconds 
========================================================================
Received Import Request.
  Time since last request: 0.000025 seconds.
  path: Assets/Sherbbs Particle Collection/Particles/Normal/SmokeyExplosion 2.prefab
  artifactKey: Guid(77da29788f3010e4396994ea52057980) Importer(815301076,1909f56bfc062723c751e8b465ee728b)
Start importing Assets/Sherbbs Particle Collection/Particles/Normal/SmokeyExplosion 2.prefab using Guid(77da29788f3010e4396994ea52057980) Importer(815301076,1909f56bfc062723c751e8b465ee728b) Tried select unknown importer for id '-2' '00000000000000000000000000000000'
 -> (artifact id: 'c4477bcdb968ddfac080315311da2890') in 0.036421 seconds 
========================================================================
Received Import Request.
  Time since last request: 0.143870 seconds.
  path: Assets/EpicVictoryEffects/Prefabs/Star_01/Star_01_Anim_02.prefab
  artifactKey: Guid(576c322a00d1fd74284cf5c6227ca574) Importer(815301076,1909f56bfc062723c751e8b465ee728b)
Start importing Assets/EpicVictoryEffects/Prefabs/Star_01/Star_01_Anim_02.prefab using Guid(576c322a00d1fd74284cf5c6227ca574) Importer(815301076,1909f56bfc062723c751e8b465ee728b)  -> (artifact id: 'd2e1d7eee0143ef772a806441e7f6fda') in 0.010716 seconds 
========================================================================
Received Import Request.
  Time since last request: 0.000022 seconds.
  path: Assets/EpicVictoryEffects/Prefabs/Star_01/Star_01_Anim_07.prefab
  artifactKey: Guid(18069ba782eb76a4f82388fde949a7f8) Importer(815301076,1909f56bfc062723c751e8b465ee728b)
Start importing Assets/EpicVictoryEffects/Prefabs/Star_01/Star_01_Anim_07.prefab using Guid(18069ba782eb76a4f82388fde949a7f8) Importer(815301076,1909f56bfc062723c751e8b465ee728b)  -> (artifact id: '5fd2e16fdea4a405849c9aac7dfba61b') in 0.041504 seconds 
========================================================================
Received Import Request.
  Time since last request: 0.000026 seconds.
  path: Assets/EpicVictoryEffects/Prefabs/Star_02/Star_02_Anim_02.prefab
  artifactKey: Guid(0214a090973a743489f5aa19a1d3ea53) Importer(815301076,1909f56bfc062723c751e8b465ee728b)
Start importing Assets/EpicVictoryEffects/Prefabs/Star_02/Star_02_Anim_02.prefab using Guid(0214a090973a743489f5aa19a1d3ea53) Importer(815301076,1909f56bfc062723c751e8b465ee728b)  -> (artifact id: 'fedce8ca0381ec87995c99bfc87fe38b') in 0.006451 seconds 
========================================================================
Received Import Request.
  Time since last request: 0.000035 seconds.
  path: Assets/EpicVictoryEffects/Prefabs/Star_01/Star_01_Anim_08.prefab
  artifactKey: Guid(4a3bd8b041175564089d0c9e65ef142a) Importer(815301076,1909f56bfc062723c751e8b465ee728b)
Start importing Assets/EpicVictoryEffects/Prefabs/Star_01/Star_01_Anim_08.prefab using Guid(4a3bd8b041175564089d0c9e65ef142a) Importer(815301076,1909f56bfc062723c751e8b465ee728b)  -> (artifact id: 'a1df3ad9a9e7828386770f4f0d5da4e3') in 0.029159 seconds 
========================================================================
Received Import Request.
  Time since last request: 0.139483 seconds.
  path: Assets/EpicVictoryEffects/Prefabs/Star_02/Star_02_Anim_04.prefab
  artifactKey: Guid(919983b6690817b4f8c1761f8de231f9) Importer(815301076,1909f56bfc062723c751e8b465ee728b)
Start importing Assets/EpicVictoryEffects/Prefabs/Star_02/Star_02_Anim_04.prefab using Guid(919983b6690817b4f8c1761f8de231f9) Importer(815301076,1909f56bfc062723c751e8b465ee728b)  -> (artifact id: '9546cfb1652cb920da333adc6d55ba55') in 0.007495 seconds 
========================================================================
Received Import Request.
  Time since last request: 0.000024 seconds.
  path: Assets/EpicVictoryEffects/Prefabs/Star_02/Star_02_Anim_06.prefab
  artifactKey: Guid(d0c01b59b5c6424419f10ebcc644ebe4) Importer(815301076,1909f56bfc062723c751e8b465ee728b)
Start importing Assets/EpicVictoryEffects/Prefabs/Star_02/Star_02_Anim_06.prefab using Guid(d0c01b59b5c6424419f10ebcc644ebe4) Importer(815301076,1909f56bfc062723c751e8b465ee728b)  -> (artifact id: 'c4f71b205b97baff18ebe3ab52e5559b') in 0.008956 seconds 
========================================================================
Received Import Request.
  Time since last request: 0.000025 seconds.
  path: Assets/EpicVictoryEffects/Prefabs/Star_02/Star_02_Anim_09.prefab
  artifactKey: Guid(a91e2ad9471c36b438e3b7a9d53cbc91) Importer(815301076,1909f56bfc062723c751e8b465ee728b)
Start importing Assets/EpicVictoryEffects/Prefabs/Star_02/Star_02_Anim_09.prefab using Guid(a91e2ad9471c36b438e3b7a9d53cbc91) Importer(815301076,1909f56bfc062723c751e8b465ee728b)  -> (artifact id: '2c8ff9ec7e5b89eaedb140fef5fc0b40') in 0.064261 seconds 
========================================================================
Received Import Request.
  Time since last request: 0.000031 seconds.
  path: Assets/EpicVictoryEffects/Prefabs/Star_03/Star_03_Anim_05.prefab
  artifactKey: Guid(fe288e21f7c643b4fb74fd32d52f56b8) Importer(815301076,1909f56bfc062723c751e8b465ee728b)
Start importing Assets/EpicVictoryEffects/Prefabs/Star_03/Star_03_Anim_05.prefab using Guid(fe288e21f7c643b4fb74fd32d52f56b8) Importer(815301076,1909f56bfc062723c751e8b465ee728b)  -> (artifact id: 'e0c37f66453777505f76d0f09a7e20a8') in 0.008506 seconds 
========================================================================
Received Import Request.
  Time since last request: 0.000027 seconds.
  path: Assets/EpicVictoryEffects/Prefabs/Star_03/Star_03_Anim_04.prefab
  artifactKey: Guid(b04e7024728a2ba49b87abe30398f362) Importer(815301076,1909f56bfc062723c751e8b465ee728b)
Start importing Assets/EpicVictoryEffects/Prefabs/Star_03/Star_03_Anim_04.prefab using Guid(b04e7024728a2ba49b87abe30398f362) Importer(815301076,1909f56bfc062723c751e8b465ee728b)  -> (artifact id: '771df2e63644cb5cf3285d71ec6c0064') in 0.010643 seconds 
Editor requested this worker to shutdown with reason: Scaling down because of idle timeout
AssetImportWorker is now disconnected from the server
Process exiting
Exiting without the bug reporter. Application will terminate with return code 0